In file included from ../node_modules/nan/nan_new.h:190:0,
                 from ../node_modules/nan/nan.h:80,
                 from ../ext/bson.h:17,
                 from ../ext/bson.cc:36:
../node_modules/nan/nan_implementation_12_inl.h: In static member function 'static NanIntern::FactoryBase<v8::Signature>::return_t NanIntern::Factory<v8::Signature>::New(NanIntern::Factory<v8::Signature>::FTH, int, NanIntern::Factory<v8::Signature>::FTH*)':
../node_modules/nan/nan_implementation_12_inl.h:181:76: error: no matching function for call to 'v8::Signature::New(v8::Isolate*, NanIntern::Factory<v8::Signature>::FTH&, int&, NanIntern::Factory<v8::Signature>::FTH*&)'
   return v8::Signature::New(v8::Isolate::GetCurrent(), receiver, argc, argv);
                                                                            ^
../node_modules/nan/nan_implementation_12_inl.h:181:76: note: candidate is:
In file included from ../ext/bson.cc:14:0:
/var/www/vhosts/journey2english.com/.node-gyp/4.8.4/include/node/v8.h:4675:27: note: static v8::Local<v8::Signature> v8::Signature::New(v8::Isolate*, v8::Local<v8::FunctionTemplate>)
   static Local<Signature> New(
                           ^
/var/www/vhosts/journey2english.com/.node-gyp/4.8.4/include/node/v8.h:4675:27: note:   candidate expects 2 arguments, 4 provided
In file included from ../ext/bson.h:17:0,
                 from ../ext/bson.cc:36:
../node_modules/nan/nan.h: At global scope:
../node_modules/nan/nan.h:171:25: error: redefinition of 'template<class T> v8::Local<T> _NanEnsureLocal(v8::Local<T>)'
 NAN_INLINE v8::Local<T> _NanEnsureLocal(v8::Local<T> val) {
                         ^
../node_modules/nan/nan.h:166:25: error: 'template<class T> v8::Local<T> _NanEnsureLocal(v8::Handle<T>)' previously declared here
 NAN_INLINE v8::Local<T> _NanEnsureLocal(v8::Handle<T> val) {
                         ^
../node_modules/nan/nan.h:564:13: error: 'node::smalloc' has not been declared
     , node::smalloc::FreeCallback callback
             ^
../node_modules/nan/nan.h:564:35: error: expected ',' or '...' before 'callback'
     , node::smalloc::FreeCallback callback
                                   ^
../node_modules/nan/nan.h: In function 'v8::Local<v8::Object> NanNewBufferHandle(char*, size_t, int)':
../node_modules/nan/nan.h:568:50: error: 'callback' was not declared in this scope
         v8::Isolate::GetCurrent(), data, length, callback, hint);
                                                  ^
../node_modules/nan/nan.h:568:60: error: 'hint' was not declared in this scope
         v8::Isolate::GetCurrent(), data, length, callback, hint);
                                                            ^
../node_modules/nan/nan.h: In function 'v8::Local<v8::Object> NanNewBufferHandle(const char*, uint32_t)':
../node_modules/nan/nan.h:575:67: error: call of overloaded 'New(v8::Isolate*, const char*&, uint32_t&)' is ambiguous
     return node::Buffer::New(v8::Isolate::GetCurrent(), data, size);
                                                                   ^
../node_modules/nan/nan.h:575:67: note: candidates are:
In file included from ../ext/bson.cc:24:0:
/var/www/vhosts/journey2english.com/.node-gyp/4.8.4/include/node/node_buffer.h:34:40: note: v8::MaybeLocal<v8::Object> node::Buffer::New(v8::Isolate*, v8::Local<v8::String>, node::encoding) <near match>
 NODE_EXTERN v8::MaybeLocal<v8::Object> New(v8::Isolate* isolate,
                                        ^
/var/www/vhosts/journey2english.com/.node-gyp/4.8.4/include/node/node_buffer.h:34:40: note:   no known conversion for argument 3 from 'uint32_t {aka unsigned int}' to 'node::encoding'
/var/www/vhosts/journey2english.com/.node-gyp/4.8.4/include/node/node_buffer.h:46:40: note: v8::MaybeLocal<v8::Object> node::Buffer::New(v8::Isolate*, char*, size_t) <near match>
 NODE_EXTERN v8::MaybeLocal<v8::Object> New(v8::Isolate* isolate,
                                        ^
/var/www/vhosts/journey2english.com/.node-gyp/4.8.4/include/node/node_buffer.h:46:40: note:   no known conversion for argument 2 from 'const char*' to 'char*'
In file included from ../ext/bson.h:17:0,
                 from ../ext/bson.cc:36:
../node_modules/nan/nan.h: In function 'v8::Local<v8::Object> NanNewBufferHandle(uint32_t)':
../node_modules/nan/nan.h:579:61: error: could not convert 'node::Buffer::New(v8::Isolate::GetCurrent(), ((size_t)size))' from 'v8::MaybeLocal<v8::Object>' to 'v8::Local<v8::Object>'
     return node::Buffer::New(v8::Isolate::GetCurrent(), size);
                                                             ^
../node_modules/nan/nan.h: In function 'v8::Local<v8::Object> NanBufferUse(char*, uint32_t)':
../node_modules/nan/nan.h:586:12: error: 'Use' is not a member of 'node::Buffer'
     return node::Buffer::Use(v8::Isolate::GetCurrent(), data, size);
            ^
../ext/bson.cc: In static member function 'static void BSON::BSONDeserialize(const v8::FunctionCallbackInfo<v8::Value>&)':
../ext/bson.cc:825:44: warning: 'ssize_t node::DecodeBytes(v8::Local<v8::Value>, node::encoding)' is deprecated (declared at /var/www/vhosts/journey2english.com/.node-gyp/4.8.4/include/node/node.h:318): Use DecodeBytes(isolate, ...) [-Wdeprecated-declarations]
   ssize_t len = DecodeBytes(args[0], BINARY);
                                            ^
../ext/bson.cc:833:41: warning: 'ssize_t node::DecodeWrite(char*, size_t, v8::Local<v8::Value>, node::encoding)' is deprecated (declared at /var/www/vhosts/journey2english.com/.node-gyp/4.8.4/include/node/node.h:331): Use DecodeWrite(isolate, ...) [-Wdeprecated-declarations]
   DecodeWrite(data, len, args[0], BINARY);
                                         ^
../ext/bson.cc: In static member function 'static void BSON::BSONSerialize(const v8::FunctionCallbackInfo<v8::Value>&)':
../ext/bson.cc:928:73: warning: 'v8::Local<v8::Value> node::Encode(const void*, size_t, node::encoding)' is deprecated (declared at /var/www/vhosts/journey2english.com/.node-gyp/4.8.4/include/node/node.h:299): Use Encode(isolate, ...) [-Wdeprecated-declarations]
   Local<Value> bin_value = Encode(serialized_object, object_size, BINARY)->ToString();
                                                                         ^
In file included from ../ext/bson.h:17:0,
                 from ../ext/bson.cc:36:
../node_modules/nan/nan.h: In function 'v8::Local<v8::Object> NanNewBufferHandle(const char*, uint32_t)':
../node_modules/nan/nan.h:576:3: warning: control reaches end of non-void function [-Wreturn-type]
   }
   ^
make: *** [Release/obj.target/bson/ext/bson.o] Error 1
gyp ERR! build error 
gyp ERR! stack Error: `make` failed with exit code: 2
gyp ERR! stack     at ChildProcess.onExit (/opt/plesk/node/v4.8.4/lib/node_modules/npm/node_modules/node-gyp/lib/build.js:276:23)
gyp ERR! stack     at emitTwo (events.js:87:13)
gyp ERR! stack     at ChildProcess.emit (events.js:172:7)
gyp ERR! stack     at Process.ChildProcess._handle.onexit (internal/child_process.js:211:12)
gyp ERR! System Linux 3.10.0-957.12.2.el7.x86_64
gyp ERR! command "/opt/plesk/node/v4.8.4/bin/node" "/opt/plesk/node/v4.8.4/lib/node_modules/npm/node_modules/node-gyp/bin/node-gyp.js" "rebuild"
gyp ERR! cwd /var/www/vhosts/journey2english.com/j2e-dev/bundle/programs/server/npm/node_modules/meteor/cfs_gridfs/node_modules/mongodb/node_modules/bson
gyp ERR! node -v v4.8.4
gyp ERR! node-gyp -v v3.4.0
gyp ERR! not ok 
